     1 00000000                                 ; MewOS Boot Image Source Code
     2 00000000                                 ; TAB=4
     3 00000000                                 
     4  = 0000000A                              CYLS	EQU		10				; Set number of cylinders to 10
     5 00000000                                 
     6                                          		ORG		0x7c00
     7 00007C00                                 
     8 00007C00                                 ; First sector for FAT12
     9 00007C00                                 
    10 00007C00 EB 4E                           		JMP		entry
    11 00007C02 90                              		DB		0x90
    12 00007C03 4D 65 77 4F 53 49 50 4C         		DB		"MewOSIPL"
    13 00007C0B 0200                            		DW		512
    14 00007C0D 01                              		DB		1
    15 00007C0E 0001                            		DW		1
    16 00007C10 02                              		DB		2
    17 00007C11 00E0                            		DW		224
    18 00007C13 0B40                            		DW		2880
    19 00007C15 F0                              		DB		0xf0
    20 00007C16 0009                            		DW		9
    21 00007C18 0012                            		DW		18
    22 00007C1A 0002                            		DW		2
    23 00007C1C 00000000                        		DD		0
    24 00007C20 00000B40                        		DD		2880
    25 00007C24 00 00 29                        		DB		0,0,0x29
    26 00007C27 FFFFFFFF                        		DD		0xffffffff
    27 00007C2B 4D 65 77 4D 65 77 4F 53 20 20   		DB		"MewMewOS   "
       00007C35 20 
    28 00007C36 46 41 54 31 32 20 20 20         		DB		"FAT12   "
    29 00007C3E 00 00 00 00 00 00 00 00 00 00   		RESB	18
       00007C48 00 00 00 00 00 00 00 00 
    30 00007C50                                 
    31 00007C50                                 ;  Program starts here
    32 00007C50                                 
    33 00007C50                                 entry:
    34 00007C50 B8 0000                         		MOV		AX,0			; Initialize AX Register
    35 00007C53 8E D0                           		MOV		SS,AX
    36 00007C55 BC 7C00                         		MOV		SP,0x7c00
    37 00007C58 8E D8                           		MOV		DS,AX
    38 00007C5A                                 
    39 00007C5A                                 ; Load system sector
    40 00007C5A                                 
    41 00007C5A B8 0820                         		MOV		AX,0x0820
    42 00007C5D 8E C0                           		MOV		ES,AX
    43 00007C5F B5 00                           		MOV		CH,0			; Read system sector
    44 00007C61 B6 00                           		MOV		DH,0
    45 00007C63 B1 02                           		MOV		CL,2
    46 00007C65                                 
    47 00007C65                                 readloop:
    48 00007C65 BE 0000                         		MOV		SI,0			; Register for load errer count
    49 00007C68                                 
    50 00007C68                                 retry:
    51 00007C68 B4 02                           		MOV		AH,0x02			; AH=0x02 : Call BIOS to read the drive
    52 00007C6A B0 01                           		MOV		AL,1			; 1 sector
    53 00007C6C BB 0000                         		MOV		BX,0
    54 00007C6F B2 00                           		MOV		DL,0x00			; drive0 (Disk A)
    55 00007C71 CD 13                           		INT		0x13			; Call disk (floppy) BIOS
    56 00007C73 73 10                           		JNC		next			; If succeed, jump to next
    57 00007C75 83 C6 01                        		ADD		SI,1
    58 00007C78 83 FE 04                        		CMP		SI,4			; If fail to load system sector for 4 times, 
    59 00007C7B 73 32                           		JAE		error			; jump to error
    60 00007C7D B4 00                           		MOV		AH,0x00
    61 00007C7F B2 00                           		MOV		DL,0x00
    62 00007C81 CD 13                           		INT		0x13			; System reset
    63 00007C83 EB E3                           		JMP		retry
    64 00007C85                                 
    65 00007C85                                 next:
    66 00007C85 8C C0                           		MOV		AX,ES			; Memory address += 0x200 (size of a sector)
    67 00007C87 05 0020                         		ADD		AX,0x0020
    68 00007C8A 8E C0                           		MOV		ES,AX			; Because we cannot directly add ES
    69 00007C8C 80 C1 01                        		ADD		CL,1
    70 00007C8F 80 F9 12                        		CMP		CL,18
    71 00007C92 76 D1                           		JBE		readloop
    72 00007C94 B1 01                           		MOV		CL,1
    73 00007C96 80 C6 01                        		ADD		DH,1
    74 00007C99 80 FE 02                        		CMP		DH,2
    75 00007C9C 72 C7                           		JB		readloop
    76 00007C9E B6 00                           		MOV		DH,0
    77 00007CA0 80 C5 01                        		ADD		CH,1
    78 00007CA3 80 FD 0A                        		CMP		CH,CYLS
    79 00007CA6 72 BD                           		JB		readloop
    80 00007CA8                                 
    81 00007CA8                                 ; Jump to MewOS.sys and exec it
    82 00007CA8                                 
    83 00007CA8 88 2E 0FF0                      		MOV		[0x0ff0],CH		; Save the number of cylinders to memory
    84 00007CAC E9 4551                         		JMP		0xc200
    85 00007CAF                                 
    86 00007CAF                                 error:
    87 00007CAF BE 7CC7                         		MOV		SI,msg
    88 00007CB2                                 
    89 00007CB2                                 putloop:
    90 00007CB2 8A 04                           		MOV		AL,[SI]
    91 00007CB4 83 C6 01                        		ADD		SI,1
    92 00007CB7 3C 00                           		CMP		AL,0
    93 00007CB9 74 09                           		JE		fin
    94 00007CBB B4 0E                           		MOV		AH,0x0e			; Show a character
    95 00007CBD BB 000F                         		MOV		BX,15			; Character color
    96 00007CC0 CD 10                           		INT		0x10			; Call GPU BIOS to refresh
    97 00007CC2 EB EE                           		JMP		putloop
    98 00007CC4                                 
    99 00007CC4                                 fin:
   100 00007CC4 F4                              		HLT						; Halt
   101 00007CC5 EB FD                           		JMP		fin
   102 00007CC7                                 
   103 00007CC7                                 msg:
   104 00007CC7 0A 0A                           		DB		0x0a, 0x0a		; 0x0a = \n
   105 00007CC9 6C 6F 61 64 20 65 72 72 6F 72   		DB		"load error"
   106 00007CD3 0A 0A                           		DB		0x0a, 0x0a
   107 00007CD5 4D 65 77 4F 53 20 56 65 72 73           DB      "MewOS Version 0.0.1.0"
       00007CDF 69 6F 6E 20 30 2E 30 2E 31 2E 
       00007CE9 30 
   108 00007CEA 0A                                      DB      0x0a
   109 00007CEB 00                              		DB		0
   110 00007CEC                                 
   111 00007CEC 00 00 00 00 00 00 00 00 00 00   		RESB	0x7dfe-$
       00007CF6 00 00 00 00 00 00 00 00 00 00 
       00007D00 00 00 00 00 00 00 00 00 00 00 
       00007D0A 00 00 00 00 00 00 00 00 00 00 
       00007D14 00 00 00 00 00 00 00 00 00 00 
       00007D1E 00 00 00 00 00 00 00 00 00 00 
       00007D28 00 00 00 00 00 00 00 00 00 00 
       00007D32 00 00 00 00 00 00 00 00 00 00 
       00007D3C 00 00 00 00 00 00 00 00 00 00 
       00007D46 00 00 00 00 00 00 00 00 00 00 
       00007D50 00 00 00 00 00 00 00 00 00 00 
       00007D5A 00 00 00 00 00 00 00 00 00 00 
       00007D64 00 00 00 00 00 00 00 00 00 00 
       00007D6E 00 00 00 00 00 00 00 00 00 00 
       00007D78 00 00 00 00 00 00 00 00 00 00 
       00007D82 00 00 00 00 00 00 00 00 00 00 
       00007D8C 00 00 00 00 00 00 00 00 00 00 
       00007D96 00 00 00 00 00 00 00 00 00 00 
       00007DA0 00 00 00 00 00 00 00 00 00 00 
       00007DAA 00 00 00 00 00 00 00 00 00 00 
       00007DB4 00 00 00 00 00 00 00 00 00 00 
       00007DBE 00 00 00 00 00 00 00 00 00 00 
       00007DC8 00 00 00 00 00 00 00 00 00 00 
       00007DD2 00 00 00 00 00 00 00 00 00 00 
       00007DDC 00 00 00 00 00 00 00 00 00 00 
       00007DE6 00 00 00 00 00 00 00 00 00 00 
       00007DF0 00 00 00 00 00 00 00 00 00 00 
       00007DFA 00 00 00 00 
   112 00007DFE                                 
   113 00007DFE 55 AA                           		DB		0x55, 0xaa
