     1 00000000                                 [FORMAT "WCOFF"]
     2 00000000                                 [INSTRSET "i486p"]
     3 00000000                                 [OPTIMIZE 1]
     4 00000000                                 [OPTION 1]
     5 00000000                                 [BITS 32]
     6 00000000                                 	EXTERN	_cursor.0
     7 00000000                                 [FILE "Mouse.c"]
     8                                          [SECTION .data]
     9 00000000                                 	ALIGNB	4
    10 00000000                                 _COL8_000000:
    11 00000000 00000000                        	DD	0
    12 00000004                                 	ALIGNB	4
    13 00000004                                 _COL8_FF0000:
    14 00000004 00000001                        	DD	1
    15 00000008                                 	ALIGNB	4
    16 00000008                                 _COL8_00FF00:
    17 00000008 00000002                        	DD	2
    18 0000000C                                 	ALIGNB	4
    19 0000000C                                 _COL8_FFFF00:
    20 0000000C 00000003                        	DD	3
    21 00000010                                 	ALIGNB	4
    22 00000010                                 _COL8_0000FF:
    23 00000010 00000004                        	DD	4
    24 00000014                                 	ALIGNB	4
    25 00000014                                 _COL8_FF00FF:
    26 00000014 00000005                        	DD	5
    27 00000018                                 	ALIGNB	4
    28 00000018                                 _COL8_00FFFF:
    29 00000018 00000006                        	DD	6
    30 0000001C                                 	ALIGNB	4
    31 0000001C                                 _COL8_FFFFFF:
    32 0000001C 00000007                        	DD	7
    33 00000020                                 	ALIGNB	4
    34 00000020                                 _COL8_C6C6C6:
    35 00000020 00000008                        	DD	8
    36 00000024                                 	ALIGNB	4
    37 00000024                                 _COL8_840000:
    38 00000024 00000009                        	DD	9
    39 00000028                                 	ALIGNB	4
    40 00000028                                 _COL8_008400:
    41 00000028 0000000A                        	DD	10
    42 0000002C                                 	ALIGNB	4
    43 0000002C                                 _COL8_848400:
    44 0000002C 0000000B                        	DD	11
    45 00000030                                 	ALIGNB	4
    46 00000030                                 _COL8_000084:
    47 00000030 0000000C                        	DD	12
    48 00000034                                 	ALIGNB	4
    49 00000034                                 _COL8_840084:
    50 00000034 0000000D                        	DD	13
    51 00000038                                 	ALIGNB	4
    52 00000038                                 _COL8_008484:
    53 00000038 0000000E                        	DD	14
    54 0000003C                                 	ALIGNB	4
    55 0000003C                                 _COL8_848484:
    56 0000003C 0000000F                        	DD	15
    57 00000040                                 _cursor.0:
    58 00000040 2A 2A 2A 2A 2A 2A 2A 2A 2A 2A   	DB	"**************.."
       0000004A 2A 2A 2A 2A 2E 2E 
    59 00000050 2A 4F 4F 4F 4F 4F 4F 4F 4F 4F   	DB	"*OOOOOOOOOOO*..."
       0000005A 4F 4F 2A 2E 2E 2E 
    60 00000060 2A 4F 4F 4F 4F 4F 4F 4F 4F 4F   	DB	"*OOOOOOOOOO*...."
       0000006A 4F 2A 2E 2E 2E 2E 
    61 00000070 2A 4F 4F 4F 4F 4F 4F 4F 4F 4F   	DB	"*OOOOOOOOO*....."
       0000007A 2A 2E 2E 2E 2E 2E 
    62 00000080 2A 4F 4F 4F 4F 4F 4F 4F 4F 2A   	DB	"*OOOOOOOO*......"
       0000008A 2E 2E 2E 2E 2E 2E 
    63 00000090 2A 4F 4F 4F 4F 4F 4F 4F 2A 2E   	DB	"*OOOOOOO*......."
       0000009A 2E 2E 2E 2E 2E 2E 
    64 000000A0 2A 4F 4F 4F 4F 4F 4F 4F 2A 2E   	DB	"*OOOOOOO*......."
       000000AA 2E 2E 2E 2E 2E 2E 
    65 000000B0 2A 4F 4F 4F 4F 4F 4F 4F 4F 2A   	DB	"*OOOOOOOO*......"
       000000BA 2E 2E 2E 2E 2E 2E 
    66 000000C0 2A 4F 4F 4F 4F 2A 2A 4F 4F 4F   	DB	"*OOOO**OOO*....."
       000000CA 2A 2E 2E 2E 2E 2E 
    67 000000D0 2A 4F 4F 4F 2A 2E 2E 2A 4F 4F   	DB	"*OOO*..*OOO*...."
       000000DA 4F 2A 2E 2E 2E 2E 
    68 000000E0 2A 4F 4F 2A 2E 2E 2E 2E 2A 4F   	DB	"*OO*....*OOO*..."
       000000EA 4F 4F 2A 2E 2E 2E 
    69 000000F0 2A 4F 2A 2E 2E 2E 2E 2E 2E 2A   	DB	"*O*......*OOO*.."
       000000FA 4F 4F 4F 2A 2E 2E 
    70 00000100 2A 2A 2E 2E 2E 2E 2E 2E 2E 2E   	DB	"**........*OOO*."
       0000010A 2A 4F 4F 4F 2A 2E 
    71 00000110 2A 2E 2E 2E 2E 2E 2E 2E 2E 2E   	DB	"*..........*OOO*"
       0000011A 2E 2A 4F 4F 4F 2A 
    72 00000120 2E 2E 2E 2E 2E 2E 2E 2E 2E 2E   	DB	"............*OO*"
       0000012A 2E 2E 2A 4F 4F 2A 
    73 00000130 2E 2E 2E 2E 2E 2E 2E 2E 2E 2E   	DB	".............***"
       0000013A 2E 2E 2E 2A 2A 2A 
    74                                          [SECTION .text]
    75 00000000                                 	GLOBAL	_init_mouse_cursor8
    76 00000000                                 _init_mouse_cursor8:
    77 00000000 55                              	PUSH	EBP
    78 00000001 89 E5                           	MOV	EBP,ESP
    79 00000003 57                              	PUSH	EDI
    80 00000004 56                              	PUSH	ESI
    81 00000005 31 FF                           	XOR	EDI,EDI
    82 00000007 53                              	PUSH	EBX
    83 00000008 31 DB                           	XOR	EBX,EBX
    84 0000000A 52                              	PUSH	EDX
    85 0000000B 8A 45 0C                        	MOV	AL,BYTE [12+EBP]
    86 0000000E 8B 75 08                        	MOV	ESI,DWORD [8+EBP]
    87 00000011 88 45 F3                        	MOV	BYTE [-13+EBP],AL
    88 00000014                                 L14:
    89 00000014 31 D2                           	XOR	EDX,EDX
    90 00000016                                 L13:
    91 00000016 8D 04 3A                        	LEA	EAX,DWORD [EDX+EDI*1]
    92 00000019 80 B8 [00000040] 2A             	CMP	BYTE [_cursor.0+EAX],42
    93 00000020 74 35                           	JE	L19
    94 00000022                                 L10:
    95 00000022 80 B8 [00000040] 4F             	CMP	BYTE [_cursor.0+EAX],79
    96 00000029 74 26                           	JE	L20
    97 0000002B                                 L11:
    98 0000002B 80 B8 [00000040] 2E             	CMP	BYTE [_cursor.0+EAX],46
    99 00000032 74 15                           	JE	L21
   100 00000034                                 L8:
   101 00000034 42                              	INC	EDX
   102 00000035 83 FA 0F                        	CMP	EDX,15
   103 00000038 7E DC                           	JLE	L13
   104 0000003A 43                              	INC	EBX
   105 0000003B 83 C7 10                        	ADD	EDI,16
   106 0000003E 83 FB 0F                        	CMP	EBX,15
   107 00000041 7E D1                           	JLE	L14
   108 00000043 58                              	POP	EAX
   109 00000044 5B                              	POP	EBX
   110 00000045 5E                              	POP	ESI
   111 00000046 5F                              	POP	EDI
   112 00000047 5D                              	POP	EBP
   113 00000048 C3                              	RET
   114 00000049                                 L21:
   115 00000049 8A 4D F3                        	MOV	CL,BYTE [-13+EBP]
   116 0000004C 88 0C 30                        	MOV	BYTE [EAX+ESI*1],CL
   117 0000004F EB E3                           	JMP	L8
   118 00000051                                 L20:
   119 00000051 C6 04 30 07                     	MOV	BYTE [EAX+ESI*1],7
   120 00000055 EB D4                           	JMP	L11
   121 00000057                                 L19:
   122 00000057 C6 04 30 00                     	MOV	BYTE [EAX+ESI*1],0
   123 0000005B EB C5                           	JMP	L10
